<?xml version="1.0" encoding="UTF-8"?>
<testsuite name="com.arsal.SolutionTest" tests="1" skipped="0" failures="0" errors="0" timestamp="2021-06-24T03:37:18" hostname="MACC02CW6KTMD6N" time="0.006">
  <properties/>
  <testcase name="testTwoNumberSum" classname="com.arsal.SolutionTest" time="0.006"/>
  <system-out><![CDATA[]]></system-out>
  <system-err><![CDATA[]]></system-err>
</testsuite>
